<?xml version="1.0" encoding="UTF-8"?>
<!-- Generated by org.testng.reporters.JUnitReportReporter -->
<testsuite skipped="0" hostname="gnvl.local" name="core.ElementsValidationTest" tests="46" failures="0" timestamp="03 Nov 2017 07:57:07 GMT" time="101.217" errors="0">
  <testcase name="test" time="2.107" classname="core.ElementsValidationTest"/>
  <testcase name="test" time="1.808" classname="core.ElementsValidationTest"/>
  <testcase name="test" time="2.221" classname="core.ElementsValidationTest"/>
  <testcase name="test" time="2.186" classname="core.ElementsValidationTest"/>
  <testcase name="test" time="1.816" classname="core.ElementsValidationTest"/>
  <testcase name="test" time="2.390" classname="core.ElementsValidationTest"/>
  <testcase name="test" time="3.727" classname="core.ElementsValidationTest"/>
  <testcase name="test" time="2.288" classname="core.ElementsValidationTest"/>
  <testcase name="test" time="2.603" classname="core.ElementsValidationTest"/>
  <testcase name="test" time="2.227" classname="core.ElementsValidationTest"/>
  <testcase name="test" time="1.964" classname="core.ElementsValidationTest"/>
  <testcase name="test" time="2.886" classname="core.ElementsValidationTest"/>
  <testcase name="test" time="1.446" classname="core.ElementsValidationTest"/>
  <testcase name="test" time="2.349" classname="core.ElementsValidationTest"/>
  <testcase name="test" time="2.240" classname="core.ElementsValidationTest"/>
  <testcase name="test" time="2.503" classname="core.ElementsValidationTest"/>
  <testcase name="test" time="1.567" classname="core.ElementsValidationTest"/>
  <testcase name="test" time="2.148" classname="core.ElementsValidationTest"/>
  <testcase name="test" time="1.781" classname="core.ElementsValidationTest"/>
  <testcase name="test" time="1.927" classname="core.ElementsValidationTest"/>
  <testcase name="test" time="2.001" classname="core.ElementsValidationTest"/>
  <testcase name="test" time="1.529" classname="core.ElementsValidationTest"/>
  <testcase name="test" time="2.262" classname="core.ElementsValidationTest"/>
  <testcase name="test" time="2.200" classname="core.ElementsValidationTest"/>
  <testcase name="test" time="2.152" classname="core.ElementsValidationTest"/>
  <testcase name="test" time="1.619" classname="core.ElementsValidationTest"/>
  <testcase name="test" time="1.922" classname="core.ElementsValidationTest"/>
  <testcase name="test" time="2.595" classname="core.ElementsValidationTest"/>
  <testcase name="test" time="2.360" classname="core.ElementsValidationTest"/>
  <testcase name="test" time="2.510" classname="core.ElementsValidationTest"/>
  <testcase name="test" time="2.491" classname="core.ElementsValidationTest"/>
  <testcase name="test" time="1.938" classname="core.ElementsValidationTest"/>
  <testcase name="test" time="2.061" classname="core.ElementsValidationTest"/>
  <testcase name="test" time="2.495" classname="core.ElementsValidationTest"/>
  <testcase name="test" time="2.347" classname="core.ElementsValidationTest"/>
  <testcase name="test" time="1.847" classname="core.ElementsValidationTest"/>
  <testcase name="test" time="1.992" classname="core.ElementsValidationTest"/>
  <testcase name="test" time="2.177" classname="core.ElementsValidationTest"/>
  <testcase name="test" time="2.391" classname="core.ElementsValidationTest"/>
  <testcase name="test" time="1.823" classname="core.ElementsValidationTest"/>
  <testcase name="test" time="2.491" classname="core.ElementsValidationTest"/>
  <testcase name="test" time="2.156" classname="core.ElementsValidationTest"/>
  <testcase name="test" time="3.140" classname="core.ElementsValidationTest"/>
  <testcase name="test" time="2.869" classname="core.ElementsValidationTest"/>
  <testcase name="test" time="1.468" classname="core.ElementsValidationTest"/>
  <testcase name="test" time="2.197" classname="core.ElementsValidationTest"/>
</testsuite> <!-- core.ElementsValidationTest -->
